<?xml version='1.0' encoding='utf-8'?>
<Events><Event><System><Provider Name="Microsoft-Windows-Security-Auditing" Guid="{54849625-5478-4994-a5ba-3e3b0328c30d}" /><EventID>4733</EventID><Version>0</Version><Level>0</Level><Task>12544</Task><Opcode>0</Opcode><Keywords>0x8020000000000000</Keywords><TimeCreated SystemTime="2025-06-25 22:31:00" /><EventRecordID>709857</EventRecordID><Channel>Security</Channel><Computer>sandra15.corp.local</Computer><Security /></System><EventData><Data Name="SubjectUserName">sandra15</Data><Data Name="TargetUserName">kristopherfisher</Data><Data Name="Action">A member was removed from a security-enabled local group</Data></EventData></Event><Event><System><Provider Name="Microsoft-Windows-Security-Auditing" Guid="{54849625-5478-4994-a5ba-3e3b0328c30d}" /><EventID>4723</EventID><Version>0</Version><Level>0</Level><Task>12544</Task><Opcode>0</Opcode><Keywords>0x8020000000000000</Keywords><TimeCreated SystemTime="2025-06-11 16:39:38" /><EventRecordID>756682</EventRecordID><Channel>Security</Channel><Computer>jeremy19.corp.local</Computer><Security /></System><EventData><Data Name="SubjectUserName">jeremy19</Data><Data Name="TargetUserName">okramer</Data><Data Name="Action">An attempt was made to change an account's password</Data></EventData></Event><Event><System><Provider Name="Microsoft-Windows-Security-Auditing" Guid="{54849625-5478-4994-a5ba-3e3b0328c30d}" /><EventID>4733</EventID><Version>0</Version><Level>0</Level><Task>12544</Task><Opcode>0</Opcode><Keywords>0x8020000000000000</Keywords><TimeCreated SystemTime="2025-06-03 23:11:23" /><EventRecordID>669299</EventRecordID><Channel>Security</Channel><Computer>ztran.corp.local</Computer><Security /></System><EventData><Data Name="SubjectUserName">ztran</Data><Data Name="TargetUserName">dylanking</Data><Data Name="Action">A member was removed from a security-enabled local group</Data></EventData></Event><Event><System><Provider Name="Microsoft-Windows-Security-Auditing" Guid="{54849625-5478-4994-a5ba-3e3b0328c30d}" /><EventID>4723</EventID><Version>0</Version><Level>0</Level><Task>12544</Task><Opcode>0</Opcode><Keywords>0x8020000000000000</Keywords><TimeCreated SystemTime="2025-06-08 03:58:23" /><EventRecordID>560544</EventRecordID><Channel>Security</Channel><Computer>jason20.corp.local</Computer><Security /></System><EventData><Data Name="SubjectUserName">jason20</Data><Data Name="TargetUserName">ericatkinson</Data><Data Name="Action">An attempt was made to change an account's password</Data></EventData></Event><Event><System><Provider Name="Microsoft-Windows-Security-Auditing" Guid="{54849625-5478-4994-a5ba-3e3b0328c30d}" /><EventID>4729</EventID><Version>0</Version><Level>0</Level><Task>12544</Task><Opcode>0</Opcode><Keywords>0x8020000000000000</Keywords><TimeCreated SystemTime="2025-06-17 17:07:06" /><EventRecordID>786618</EventRecordID><Channel>Security</Channel><Computer>logandonald.corp.local</Computer><Security /></System><EventData><Data Name="SubjectUserName">logandonald</Data><Data Name="TargetUserName">pamelaburns</Data><Data Name="Action">A member was removed from a security-enabled global group</Data></EventData></Event><Event><System><Provider Name="Microsoft-Windows-Security-Auditing" Guid="{54849625-5478-4994-a5ba-3e3b0328c30d}" /><EventID>4724</EventID><Version>0</Version><Level>0</Level><Task>12544</Task><Opcode>0</Opcode><Keywords>0x8020000000000000</Keywords><TimeCreated SystemTime="2025-06-26 02:35:36" /><EventRecordID>260279</EventRecordID><Channel>Security</Channel><Computer>jenniferstevens.corp.local</Computer><Security /></System><EventData><Data Name="SubjectUserName">jenniferstevens</Data><Data Name="TargetUserName">maurice49</Data><Data Name="Action">An attempt was made to reset an account's password</Data></EventData></Event><Event><System><Provider Name="Microsoft-Windows-Security-Auditing" Guid="{54849625-5478-4994-a5ba-3e3b0328c30d}" /><EventID>4732</EventID><Version>0</Version><Level>0</Level><Task>12544</Task><Opcode>0</Opcode><Keywords>0x8020000000000000</Keywords><TimeCreated SystemTime="2025-06-03 19:40:34" /><EventRecordID>586598</EventRecordID><Channel>Security</Channel><Computer>nlopez.corp.local</Computer><Security /></System><EventData><Data Name="SubjectUserName">nlopez</Data><Data Name="TargetUserName">steven55</Data><Data Name="Action">A member was added to a security-enabled local group</Data></EventData></Event><Event><System><Provider Name="Microsoft-Windows-Security-Auditing" Guid="{54849625-5478-4994-a5ba-3e3b0328c30d}" /><EventID>4733</EventID><Version>0</Version><Level>0</Level><Task>12544</Task><Opcode>0</Opcode><Keywords>0x8020000000000000</Keywords><TimeCreated SystemTime="2025-06-10 15:55:27" /><EventRecordID>969246</EventRecordID><Channel>Security</Channel><Computer>wheath.corp.local</Computer><Security /></System><EventData><Data Name="SubjectUserName">wheath</Data><Data Name="TargetUserName">hnelson</Data><Data Name="Action">A member was removed from a security-enabled local group</Data></EventData></Event><Event><System><Provider Name="Microsoft-Windows-Security-Auditing" Guid="{54849625-5478-4994-a5ba-3e3b0328c30d}" /><EventID>4729</EventID><Version>0</Version><Level>0</Level><Task>12544</Task><Opcode>0</Opcode><Keywords>0x8020000000000000</Keywords><TimeCreated SystemTime="2025-06-10 22:12:57" /><EventRecordID>271709</EventRecordID><Channel>Security</Channel><Computer>hannahhuynh.corp.local</Computer><Security /></System><EventData><Data Name="SubjectUserName">hannahhuynh</Data><Data Name="TargetUserName">tony25</Data><Data Name="Action">A member was removed from a security-enabled global group</Data></EventData></Event><Event><System><Provider Name="Microsoft-Windows-Security-Auditing" Guid="{54849625-5478-4994-a5ba-3e3b0328c30d}" /><EventID>4733</EventID><Version>0</Version><Level>0</Level><Task>12544</Task><Opcode>0</Opcode><Keywords>0x8020000000000000</Keywords><TimeCreated SystemTime="2025-06-14 17:57:00" /><EventRecordID>638122</EventRecordID><Channel>Security</Channel><Computer>virginiasnyder.corp.local</Computer><Security /></System><EventData><Data Name="SubjectUserName">virginiasnyder</Data><Data Name="TargetUserName">mary42</Data><Data Name="Action">A member was removed from a security-enabled local group</Data></EventData></Event><Event><System><Provider Name="Microsoft-Windows-Security-Auditing" Guid="{54849625-5478-4994-a5ba-3e3b0328c30d}" /><EventID>4724</EventID><Version>0</Version><Level>0</Level><Task>12544</Task><Opcode>0</Opcode><Keywords>0x8020000000000000</Keywords><TimeCreated SystemTime="2025-06-16 11:38:56" /><EventRecordID>260724</EventRecordID><Channel>Security</Channel><Computer>andrewharrison.corp.local</Computer><Security /></System><EventData><Data Name="SubjectUserName">andrewharrison</Data><Data Name="TargetUserName">joshua38</Data><Data Name="Action">An attempt was made to reset an account's password</Data></EventData></Event><Event><System><Provider Name="Microsoft-Windows-Security-Auditing" Guid="{54849625-5478-4994-a5ba-3e3b0328c30d}" /><EventID>4732</EventID><Version>0</Version><Level>0</Level><Task>12544</Task><Opcode>0</Opcode><Keywords>0x8020000000000000</Keywords><TimeCreated SystemTime="2025-06-23 11:45:06" /><EventRecordID>219181</EventRecordID><Channel>Security</Channel><Computer>tclark.corp.local</Computer><Security /></System><EventData><Data Name="SubjectUserName">tclark</Data><Data Name="TargetUserName">vlowery</Data><Data Name="Action">A member was added to a security-enabled local group</Data></EventData></Event><Event><System><Provider Name="Microsoft-Windows-Security-Auditing" Guid="{54849625-5478-4994-a5ba-3e3b0328c30d}" /><EventID>4726</EventID><Version>0</Version><Level>0</Level><Task>12544</Task><Opcode>0</Opcode><Keywords>0x8020000000000000</Keywords><TimeCreated SystemTime="2025-06-09 23:49:04" /><EventRecordID>402904</EventRecordID><Channel>Security</Channel><Computer>matthewbright.corp.local</Computer><Security /></System><EventData><Data Name="SubjectUserName">matthewbright</Data><Data Name="TargetUserName">ingramjeffrey</Data><Data Name="Action">A user account was deleted</Data></EventData></Event><Event><System><Provider Name="Microsoft-Windows-Security-Auditing" Guid="{54849625-5478-4994-a5ba-3e3b0328c30d}" /><EventID>4670</EventID><Version>0</Version><Level>0</Level><Task>12544</Task><Opcode>0</Opcode><Keywords>0x8020000000000000</Keywords><TimeCreated SystemTime="2025-06-09 11:06:40" /><EventRecordID>460190</EventRecordID><Channel>Security</Channel><Computer>qpatel.corp.local</Computer><Security /></System><EventData><Data Name="SubjectUserName">qpatel</Data><Data Name="TargetUserName">usimmons</Data><Data Name="Action">Permissions on an object were changed</Data></EventData></Event><Event><System><Provider Name="Microsoft-Windows-Security-Auditing" Guid="{54849625-5478-4994-a5ba-3e3b0328c30d}" /><EventID>4733</EventID><Version>0</Version><Level>0</Level><Task>12544</Task><Opcode>0</Opcode><Keywords>0x8020000000000000</Keywords><TimeCreated SystemTime="2025-06-09 21:03:27" /><EventRecordID>357483</EventRecordID><Channel>Security</Channel><Computer>carneyjennifer.corp.local</Computer><Security /></System><EventData><Data Name="SubjectUserName">carneyjennifer</Data><Data Name="TargetUserName">eric61</Data><Data Name="Action">A member was removed from a security-enabled local group</Data></EventData></Event><Event><System><Provider Name="Microsoft-Windows-Security-Auditing" Guid="{54849625-5478-4994-a5ba-3e3b0328c30d}" /><EventID>4724</EventID><Version>0</Version><Level>0</Level><Task>12544</Task><Opcode>0</Opcode><Keywords>0x8020000000000000</Keywords><TimeCreated SystemTime="2025-06-23 06:06:52" /><EventRecordID>495531</EventRecordID><Channel>Security</Channel><Computer>hamptonbrooke.corp.local</Computer><Security /></System><EventData><Data Name="SubjectUserName">hamptonbrooke</Data><Data Name="TargetUserName">phillipsolivia</Data><Data Name="Action">An attempt was made to reset an account's password</Data></EventData></Event><Event><System><Provider Name="Microsoft-Windows-Security-Auditing" Guid="{54849625-5478-4994-a5ba-3e3b0328c30d}" /><EventID>4729</EventID><Version>0</Version><Level>0</Level><Task>12544</Task><Opcode>0</Opcode><Keywords>0x8020000000000000</Keywords><TimeCreated SystemTime="2025-06-12 20:37:25" /><EventRecordID>615190</EventRecordID><Channel>Security</Channel><Computer>ehernandez.corp.local</Computer><Security /></System><EventData><Data Name="SubjectUserName">ehernandez</Data><Data Name="TargetUserName">xvazquez</Data><Data Name="Action">A member was removed from a security-enabled global group</Data></EventData></Event><Event><System><Provider Name="Microsoft-Windows-Security-Auditing" Guid="{54849625-5478-4994-a5ba-3e3b0328c30d}" /><EventID>4723</EventID><Version>0</Version><Level>0</Level><Task>12544</Task><Opcode>0</Opcode><Keywords>0x8020000000000000</Keywords><TimeCreated SystemTime="2025-06-22 21:08:07" /><EventRecordID>796534</EventRecordID><Channel>Security</Channel><Computer>chart.corp.local</Computer><Security /></System><EventData><Data Name="SubjectUserName">chart</Data><Data Name="TargetUserName">lucasgreen</Data><Data Name="Action">An attempt was made to change an account's password</Data></EventData></Event><Event><System><Provider Name="Microsoft-Windows-Security-Auditing" Guid="{54849625-5478-4994-a5ba-3e3b0328c30d}" /><EventID>4724</EventID><Version>0</Version><Level>0</Level><Task>12544</Task><Opcode>0</Opcode><Keywords>0x8020000000000000</Keywords><TimeCreated SystemTime="2025-06-29 10:30:28" /><EventRecordID>715957</EventRecordID><Channel>Security</Channel><Computer>andrewsholly.corp.local</Computer><Security /></System><EventData><Data Name="SubjectUserName">andrewsholly</Data><Data Name="TargetUserName">ygarrison</Data><Data Name="Action">An attempt was made to reset an account's password</Data></EventData></Event><Event><System><Provider Name="Microsoft-Windows-Security-Auditing" Guid="{54849625-5478-4994-a5ba-3e3b0328c30d}" /><EventID>4732</EventID><Version>0</Version><Level>0</Level><Task>12544</Task><Opcode>0</Opcode><Keywords>0x8020000000000000</Keywords><TimeCreated SystemTime="2025-06-09 22:52:19" /><EventRecordID>362402</EventRecordID><Channel>Security</Channel><Computer>brittanyrodriguez.corp.local</Computer><Security /></System><EventData><Data Name="SubjectUserName">brittanyrodriguez</Data><Data Name="TargetUserName">smithchad</Data><Data Name="Action">A member was added to a security-enabled local group</Data></EventData></Event><Event><System><Provider Name="Microsoft-Windows-Security-Auditing" Guid="{54849625-5478-4994-a5ba-3e3b0328c30d}" /><EventID>4724</EventID><Version>0</Version><Level>0</Level><Task>12544</Task><Opcode>0</Opcode><Keywords>0x8020000000000000</Keywords><TimeCreated SystemTime="2025-06-16 15:47:59" /><EventRecordID>903820</EventRecordID><Channel>Security</Channel><Computer>lavery.corp.local</Computer><Security /></System><EventData><Data Name="SubjectUserName">lavery</Data><Data Name="TargetUserName">hernandezcarlos</Data><Data Name="Action">An attempt was made to reset an account's password</Data></EventData></Event><Event><System><Provider Name="Microsoft-Windows-Security-Auditing" Guid="{54849625-5478-4994-a5ba-3e3b0328c30d}" /><EventID>4723</EventID><Version>0</Version><Level>0</Level><Task>12544</Task><Opcode>0</Opcode><Keywords>0x8020000000000000</Keywords><TimeCreated SystemTime="2025-06-02 14:27:45" /><EventRecordID>595512</EventRecordID><Channel>Security</Channel><Computer>laurie05.corp.local</Computer><Security /></System><EventData><Data Name="SubjectUserName">laurie05</Data><Data Name="TargetUserName">youngjessica</Data><Data Name="Action">An attempt was made to change an account's password</Data></EventData></Event><Event><System><Provider Name="Microsoft-Windows-Security-Auditing" Guid="{54849625-5478-4994-a5ba-3e3b0328c30d}" /><EventID>4724</EventID><Version>0</Version><Level>0</Level><Task>12544</Task><Opcode>0</Opcode><Keywords>0x8020000000000000</Keywords><TimeCreated SystemTime="2025-06-12 11:10:54" /><EventRecordID>324390</EventRecordID><Channel>Security</Channel><Computer>michelle02.corp.local</Computer><Security /></System><EventData><Data Name="SubjectUserName">michelle02</Data><Data Name="TargetUserName">walkerstephen</Data><Data Name="Action">An attempt was made to reset an account's password</Data></EventData></Event><Event><System><Provider Name="Microsoft-Windows-Security-Auditing" Guid="{54849625-5478-4994-a5ba-3e3b0328c30d}" /><EventID>4720</EventID><Version>0</Version><Level>0</Level><Task>12544</Task><Opcode>0</Opcode><Keywords>0x8020000000000000</Keywords><TimeCreated SystemTime="2025-06-28 20:01:20" /><EventRecordID>152781</EventRecordID><Channel>Security</Channel><Computer>ecarey.corp.local</Computer><Security /></System><EventData><Data Name="SubjectUserName">ecarey</Data><Data Name="TargetUserName">brian64</Data><Data Name="Action">A user account was created</Data></EventData></Event><Event><System><Provider Name="Microsoft-Windows-Security-Auditing" Guid="{54849625-5478-4994-a5ba-3e3b0328c30d}" /><EventID>4726</EventID><Version>0</Version><Level>0</Level><Task>12544</Task><Opcode>0</Opcode><Keywords>0x8020000000000000</Keywords><TimeCreated SystemTime="2025-06-18 23:32:01" /><EventRecordID>172489</EventRecordID><Channel>Security</Channel><Computer>xhernandez.corp.local</Computer><Security /></System><EventData><Data Name="SubjectUserName">xhernandez</Data><Data Name="TargetUserName">jakecollins</Data><Data Name="Action">A user account was deleted</Data></EventData></Event><Event><System><Provider Name="Microsoft-Windows-Security-Auditing" Guid="{54849625-5478-4994-a5ba-3e3b0328c30d}" /><EventID>4724</EventID><Version>0</Version><Level>0</Level><Task>12544</Task><Opcode>0</Opcode><Keywords>0x8020000000000000</Keywords><TimeCreated SystemTime="2025-06-05 23:11:22" /><EventRecordID>587307</EventRecordID><Channel>Security</Channel><Computer>annnolan.corp.local</Computer><Security /></System><EventData><Data Name="SubjectUserName">annnolan</Data><Data Name="TargetUserName">troy29</Data><Data Name="Action">An attempt was made to reset an account's password</Data></EventData></Event><Event><System><Provider Name="Microsoft-Windows-Security-Auditing" Guid="{54849625-5478-4994-a5ba-3e3b0328c30d}" /><EventID>4720</EventID><Version>0</Version><Level>0</Level><Task>12544</Task><Opcode>0</Opcode><Keywords>0x8020000000000000</Keywords><TimeCreated SystemTime="2025-06-11 23:49:48" /><EventRecordID>846509</EventRecordID><Channel>Security</Channel><Computer>jeremypayne.corp.local</Computer><Security /></System><EventData><Data Name="SubjectUserName">jeremypayne</Data><Data Name="TargetUserName">michaelmyers</Data><Data Name="Action">A user account was created</Data></EventData></Event><Event><System><Provider Name="Microsoft-Windows-Security-Auditing" Guid="{54849625-5478-4994-a5ba-3e3b0328c30d}" /><EventID>4728</EventID><Version>0</Version><Level>0</Level><Task>12544</Task><Opcode>0</Opcode><Keywords>0x8020000000000000</Keywords><TimeCreated SystemTime="2025-06-19 18:01:06" /><EventRecordID>947283</EventRecordID><Channel>Security</Channel><Computer>fullerbrian.corp.local</Computer><Security /></System><EventData><Data Name="SubjectUserName">fullerbrian</Data><Data Name="TargetUserName">bradshawanthony</Data><Data Name="Action">A member was added to a security-enabled global group</Data></EventData></Event><Event><System><Provider Name="Microsoft-Windows-Security-Auditing" Guid="{54849625-5478-4994-a5ba-3e3b0328c30d}" /><EventID>4733</EventID><Version>0</Version><Level>0</Level><Task>12544</Task><Opcode>0</Opcode><Keywords>0x8020000000000000</Keywords><TimeCreated SystemTime="2025-06-18 01:56:53" /><EventRecordID>731848</EventRecordID><Channel>Security</Channel><Computer>smithjoseph.corp.local</Computer><Security /></System><EventData><Data Name="SubjectUserName">smithjoseph</Data><Data Name="TargetUserName">kellybrown</Data><Data Name="Action">A member was removed from a security-enabled local group</Data></EventData></Event><Event><System><Provider Name="Microsoft-Windows-Security-Auditing" Guid="{54849625-5478-4994-a5ba-3e3b0328c30d}" /><EventID>4724</EventID><Version>0</Version><Level>0</Level><Task>12544</Task><Opcode>0</Opcode><Keywords>0x8020000000000000</Keywords><TimeCreated SystemTime="2025-06-26 21:20:14" /><EventRecordID>807302</EventRecordID><Channel>Security</Channel><Computer>anita35.corp.local</Computer><Security /></System><EventData><Data Name="SubjectUserName">anita35</Data><Data Name="TargetUserName">melissabradford</Data><Data Name="Action">An attempt was made to reset an account's password</Data></EventData></Event><Event><System><Provider Name="Microsoft-Windows-Security-Auditing" Guid="{54849625-5478-4994-a5ba-3e3b0328c30d}" /><EventID>4732</EventID><Version>0</Version><Level>0</Level><Task>12544</Task><Opcode>0</Opcode><Keywords>0x8020000000000000</Keywords><TimeCreated SystemTime="2025-06-11 14:49:47" /><EventRecordID>907183</EventRecordID><Channel>Security</Channel><Computer>michael22.corp.local</Computer><Security /></System><EventData><Data Name="SubjectUserName">michael22</Data><Data Name="TargetUserName">yvette82</Data><Data Name="Action">A member was added to a security-enabled local group</Data></EventData></Event><Event><System><Provider Name="Microsoft-Windows-Security-Auditing" Guid="{54849625-5478-4994-a5ba-3e3b0328c30d}" /><EventID>4728</EventID><Version>0</Version><Level>0</Level><Task>12544</Task><Opcode>0</Opcode><Keywords>0x8020000000000000</Keywords><TimeCreated SystemTime="2025-06-03 01:11:43" /><EventRecordID>379248</EventRecordID><Channel>Security</Channel><Computer>shannon34.corp.local</Computer><Security /></System><EventData><Data Name="SubjectUserName">shannon34</Data><Data Name="TargetUserName">allen08</Data><Data Name="Action">A member was added to a security-enabled global group</Data></EventData></Event><Event><System><Provider Name="Microsoft-Windows-Security-Auditing" Guid="{54849625-5478-4994-a5ba-3e3b0328c30d}" /><EventID>4723</EventID><Version>0</Version><Level>0</Level><Task>12544</Task><Opcode>0</Opcode><Keywords>0x8020000000000000</Keywords><TimeCreated SystemTime="2025-06-12 05:12:33" /><EventRecordID>425640</EventRecordID><Channel>Security</Channel><Computer>ulopez.corp.local</Computer><Security /></System><EventData><Data Name="SubjectUserName">ulopez</Data><Data Name="TargetUserName">xoconnell</Data><Data Name="Action">An attempt was made to change an account's password</Data></EventData></Event><Event><System><Provider Name="Microsoft-Windows-Security-Auditing" Guid="{54849625-5478-4994-a5ba-3e3b0328c30d}" /><EventID>4723</EventID><Version>0</Version><Level>0</Level><Task>12544</Task><Opcode>0</Opcode><Keywords>0x8020000000000000</Keywords><TimeCreated SystemTime="2025-06-16 15:11:12" /><EventRecordID>863735</EventRecordID><Channel>Security</Channel><Computer>millerelizabeth.corp.local</Computer><Security /></System><EventData><Data Name="SubjectUserName">millerelizabeth</Data><Data Name="TargetUserName">brooke25</Data><Data Name="Action">An attempt was made to change an account's password</Data></EventData></Event><Event><System><Provider Name="Microsoft-Windows-Security-Auditing" Guid="{54849625-5478-4994-a5ba-3e3b0328c30d}" /><EventID>4729</EventID><Version>0</Version><Level>0</Level><Task>12544</Task><Opcode>0</Opcode><Keywords>0x8020000000000000</Keywords><TimeCreated SystemTime="2025-06-06 03:08:12" /><EventRecordID>330542</EventRecordID><Channel>Security</Channel><Computer>ccooper.corp.local</Computer><Security /></System><EventData><Data Name="SubjectUserName">ccooper</Data><Data Name="TargetUserName">qparsons</Data><Data Name="Action">A member was removed from a security-enabled global group</Data></EventData></Event><Event><System><Provider Name="Microsoft-Windows-Security-Auditing" Guid="{54849625-5478-4994-a5ba-3e3b0328c30d}" /><EventID>4720</EventID><Version>0</Version><Level>0</Level><Task>12544</Task><Opcode>0</Opcode><Keywords>0x8020000000000000</Keywords><TimeCreated SystemTime="2025-06-09 20:30:54" /><EventRecordID>614880</EventRecordID><Channel>Security</Channel><Computer>natalierivera.corp.local</Computer><Security /></System><EventData><Data Name="SubjectUserName">natalierivera</Data><Data Name="TargetUserName">nblevins</Data><Data Name="Action">A user account was created</Data></EventData></Event><Event><System><Provider Name="Microsoft-Windows-Security-Auditing" Guid="{54849625-5478-4994-a5ba-3e3b0328c30d}" /><EventID>4728</EventID><Version>0</Version><Level>0</Level><Task>12544</Task><Opcode>0</Opcode><Keywords>0x8020000000000000</Keywords><TimeCreated SystemTime="2025-06-18 00:54:06" /><EventRecordID>644169</EventRecordID><Channel>Security</Channel><Computer>isaac37.corp.local</Computer><Security /></System><EventData><Data Name="SubjectUserName">isaac37</Data><Data Name="TargetUserName">skaiser</Data><Data Name="Action">A member was added to a security-enabled global group</Data></EventData></Event><Event><System><Provider Name="Microsoft-Windows-Security-Auditing" Guid="{54849625-5478-4994-a5ba-3e3b0328c30d}" /><EventID>4733</EventID><Version>0</Version><Level>0</Level><Task>12544</Task><Opcode>0</Opcode><Keywords>0x8020000000000000</Keywords><TimeCreated SystemTime="2025-06-21 23:52:05" /><EventRecordID>774671</EventRecordID><Channel>Security</Channel><Computer>longjacqueline.corp.local</Computer><Security /></System><EventData><Data Name="SubjectUserName">longjacqueline</Data><Data Name="TargetUserName">jennifergonzalez</Data><Data Name="Action">A member was removed from a security-enabled local group</Data></EventData></Event><Event><System><Provider Name="Microsoft-Windows-Security-Auditing" Guid="{54849625-5478-4994-a5ba-3e3b0328c30d}" /><EventID>4724</EventID><Version>0</Version><Level>0</Level><Task>12544</Task><Opcode>0</Opcode><Keywords>0x8020000000000000</Keywords><TimeCreated SystemTime="2025-06-26 05:19:44" /><EventRecordID>419991</EventRecordID><Channel>Security</Channel><Computer>steven18.corp.local</Computer><Security /></System><EventData><Data Name="SubjectUserName">steven18</Data><Data Name="TargetUserName">jeremymitchell</Data><Data Name="Action">An attempt was made to reset an account's password</Data></EventData></Event><Event><System><Provider Name="Microsoft-Windows-Security-Auditing" Guid="{54849625-5478-4994-a5ba-3e3b0328c30d}" /><EventID>4728</EventID><Version>0</Version><Level>0</Level><Task>12544</Task><Opcode>0</Opcode><Keywords>0x8020000000000000</Keywords><TimeCreated SystemTime="2025-06-24 17:10:57" /><EventRecordID>174939</EventRecordID><Channel>Security</Channel><Computer>josephwalker.corp.local</Computer><Security /></System><EventData><Data Name="SubjectUserName">josephwalker</Data><Data Name="TargetUserName">allisonsilva</Data><Data Name="Action">A member was added to a security-enabled global group</Data></EventData></Event><Event><System><Provider Name="Microsoft-Windows-Security-Auditing" Guid="{54849625-5478-4994-a5ba-3e3b0328c30d}" /><EventID>4726</EventID><Version>0</Version><Level>0</Level><Task>12544</Task><Opcode>0</Opcode><Keywords>0x8020000000000000</Keywords><TimeCreated SystemTime="2025-06-17 13:39:55" /><EventRecordID>253621</EventRecordID><Channel>Security</Channel><Computer>bentleywhitney.corp.local</Computer><Security /></System><EventData><Data Name="SubjectUserName">bentleywhitney</Data><Data Name="TargetUserName">reyeshoward</Data><Data Name="Action">A user account was deleted</Data></EventData></Event><Event><System><Provider Name="Microsoft-Windows-Security-Auditing" Guid="{54849625-5478-4994-a5ba-3e3b0328c30d}" /><EventID>4726</EventID><Version>0</Version><Level>0</Level><Task>12544</Task><Opcode>0</Opcode><Keywords>0x8020000000000000</Keywords><TimeCreated SystemTime="2025-06-13 06:59:14" /><EventRecordID>665669</EventRecordID><Channel>Security</Channel><Computer>morrisonerika.corp.local</Computer><Security /></System><EventData><Data Name="SubjectUserName">morrisonerika</Data><Data Name="TargetUserName">tonywilson</Data><Data Name="Action">A user account was deleted</Data></EventData></Event><Event><System><Provider Name="Microsoft-Windows-Security-Auditing" Guid="{54849625-5478-4994-a5ba-3e3b0328c30d}" /><EventID>4729</EventID><Version>0</Version><Level>0</Level><Task>12544</Task><Opcode>0</Opcode><Keywords>0x8020000000000000</Keywords><TimeCreated SystemTime="2025-06-19 00:02:12" /><EventRecordID>994175</EventRecordID><Channel>Security</Channel><Computer>patricia09.corp.local</Computer><Security /></System><EventData><Data Name="SubjectUserName">patricia09</Data><Data Name="TargetUserName">thomasburton</Data><Data Name="Action">A member was removed from a security-enabled global group</Data></EventData></Event><Event><System><Provider Name="Microsoft-Windows-Security-Auditing" Guid="{54849625-5478-4994-a5ba-3e3b0328c30d}" /><EventID>4723</EventID><Version>0</Version><Level>0</Level><Task>12544</Task><Opcode>0</Opcode><Keywords>0x8020000000000000</Keywords><TimeCreated SystemTime="2025-06-03 02:10:23" /><EventRecordID>583236</EventRecordID><Channel>Security</Channel><Computer>jennifersimpson.corp.local</Computer><Security /></System><EventData><Data Name="SubjectUserName">jennifersimpson</Data><Data Name="TargetUserName">madeline59</Data><Data Name="Action">An attempt was made to change an account's password</Data></EventData></Event><Event><System><Provider Name="Microsoft-Windows-Security-Auditing" Guid="{54849625-5478-4994-a5ba-3e3b0328c30d}" /><EventID>4723</EventID><Version>0</Version><Level>0</Level><Task>12544</Task><Opcode>0</Opcode><Keywords>0x8020000000000000</Keywords><TimeCreated SystemTime="2025-06-22 21:15:53" /><EventRecordID>715054</EventRecordID><Channel>Security</Channel><Computer>laurasmith.corp.local</Computer><Security /></System><EventData><Data Name="SubjectUserName">laurasmith</Data><Data Name="TargetUserName">wilkinsmarc</Data><Data Name="Action">An attempt was made to change an account's password</Data></EventData></Event><Event><System><Provider Name="Microsoft-Windows-Security-Auditing" Guid="{54849625-5478-4994-a5ba-3e3b0328c30d}" /><EventID>4724</EventID><Version>0</Version><Level>0</Level><Task>12544</Task><Opcode>0</Opcode><Keywords>0x8020000000000000</Keywords><TimeCreated SystemTime="2025-06-09 19:29:40" /><EventRecordID>910341</EventRecordID><Channel>Security</Channel><Computer>danny19.corp.local</Computer><Security /></System><EventData><Data Name="SubjectUserName">danny19</Data><Data Name="TargetUserName">ecole</Data><Data Name="Action">An attempt was made to reset an account's password</Data></EventData></Event><Event><System><Provider Name="Microsoft-Windows-Security-Auditing" Guid="{54849625-5478-4994-a5ba-3e3b0328c30d}" /><EventID>4726</EventID><Version>0</Version><Level>0</Level><Task>12544</Task><Opcode>0</Opcode><Keywords>0x8020000000000000</Keywords><TimeCreated SystemTime="2025-06-13 06:27:08" /><EventRecordID>544192</EventRecordID><Channel>Security</Channel><Computer>stephanie74.corp.local</Computer><Security /></System><EventData><Data Name="SubjectUserName">stephanie74</Data><Data Name="TargetUserName">jennifer10</Data><Data Name="Action">A user account was deleted</Data></EventData></Event><Event><System><Provider Name="Microsoft-Windows-Security-Auditing" Guid="{54849625-5478-4994-a5ba-3e3b0328c30d}" /><EventID>4720</EventID><Version>0</Version><Level>0</Level><Task>12544</Task><Opcode>0</Opcode><Keywords>0x8020000000000000</Keywords><TimeCreated SystemTime="2025-06-10 01:12:48" /><EventRecordID>561598</EventRecordID><Channel>Security</Channel><Computer>eric79.corp.local</Computer><Security /></System><EventData><Data Name="SubjectUserName">eric79</Data><Data Name="TargetUserName">sandra69</Data><Data Name="Action">A user account was created</Data></EventData></Event><Event><System><Provider Name="Microsoft-Windows-Security-Auditing" Guid="{54849625-5478-4994-a5ba-3e3b0328c30d}" /><EventID>4729</EventID><Version>0</Version><Level>0</Level><Task>12544</Task><Opcode>0</Opcode><Keywords>0x8020000000000000</Keywords><TimeCreated SystemTime="2025-06-20 01:12:18" /><EventRecordID>485263</EventRecordID><Channel>Security</Channel><Computer>singhryan.corp.local</Computer><Security /></System><EventData><Data Name="SubjectUserName">singhryan</Data><Data Name="TargetUserName">sancheztammy</Data><Data Name="Action">A member was removed from a security-enabled global group</Data></EventData></Event><Event><System><Provider Name="Microsoft-Windows-Security-Auditing" Guid="{54849625-5478-4994-a5ba-3e3b0328c30d}" /><EventID>4728</EventID><Version>0</Version><Level>0</Level><Task>12544</Task><Opcode>0</Opcode><Keywords>0x8020000000000000</Keywords><TimeCreated SystemTime="2025-06-04 10:46:53" /><EventRecordID>379384</EventRecordID><Channel>Security</Channel><Computer>margaretbell.corp.local</Computer><Security /></System><EventData><Data Name="SubjectUserName">margaretbell</Data><Data Name="TargetUserName">gregory08</Data><Data Name="Action">A member was added to a security-enabled global group</Data></EventData></Event></Events>
